2021-11-12 23:38:52.630  INFO 16372 --- [main] t.esprit.spring.EmployeeServiceImplTest  : Starting EmployeeServiceImplTest on DESKTOP-3SNP8F0 with PID 16372 (started by USER in C:\Users\USER\Desktop\TimesheetBackup\TimesheetProjectBackup)
2021-11-12 23:38:52.637  INFO 16372 --- [main] t.esprit.spring.EmployeeServiceImplTest  : No active profile set, falling back to default profiles: default
2021-11-12 23:38:53.415  INFO 16372 --- [main] .s.d.r.c.RepositoryConfigurationDelegate : Bootstrapping Spring Data repositories in DEFAULT mode.
2021-11-12 23:38:53.524  INFO 16372 --- [main] .s.d.r.c.RepositoryConfigurationDelegate : Finished Spring Data repository scanning in 97ms. Found 6 repository interfaces.
2021-11-12 23:38:53.977  INFO 16372 --- [main] trationDelegate$BeanPostProcessorChecker : Bean 'org.springframework.transaction.annotation.ProxyTransactionManagementConfiguration' of type [org.springframework.transaction.annotation.ProxyTransactionManagementConfiguration$$EnhancerBySpringCGLIB$$bbae3f60] is not eligible for getting processed by all BeanPostProcessors (for example: not eligible for auto-proxying)
2021-11-12 23:38:54.234  INFO 16372 --- [main] com.zaxxer.hikari.HikariDataSource       : HikariPool-1 - Starting...
2021-11-12 23:38:54.572  INFO 16372 --- [main] com.zaxxer.hikari.HikariDataSource       : HikariPool-1 - Start completed.
2021-11-12 23:38:54.697  INFO 16372 --- [main] o.hibernate.jpa.internal.util.LogHelper  : HHH000204: Processing PersistenceUnitInfo [
	name: default
	...]
2021-11-12 23:38:54.818  INFO 16372 --- [main] org.hibernate.Version                    : HHH000412: Hibernate Core {5.3.9.Final}
2021-11-12 23:38:54.820  INFO 16372 --- [main] org.hibernate.cfg.Environment            : HHH000206: hibernate.properties not found
2021-11-12 23:38:55.053  INFO 16372 --- [main] o.hibernate.annotations.common.Version   : HCANN000001: Hibernate Commons Annotations {5.0.4.Final}
2021-11-12 23:38:55.445  INFO 16372 --- [main] org.hibernate.dialect.Dialect            : HHH000400: Using dialect: org.hibernate.dialect.MySQL5Dialect
2021-11-12 23:38:56.677  INFO 16372 --- [main] j.LocalContainerEntityManagerFactoryBean : Initialized JPA EntityManagerFactory for persistence unit 'default'
2021-11-12 23:38:57.059  INFO 16372 --- [main] o.h.h.i.QueryTranslatorFactoryInitiator  : HHH000397: Using ASTQueryTranslatorFactory
2021-11-12 23:38:58.197  INFO 16372 --- [main] o.s.s.concurrent.ThreadPoolTaskExecutor  : Initializing ExecutorService 'applicationTaskExecutor'
2021-11-12 23:38:58.501  WARN 16372 --- [main] aWebConfiguration$JpaWebMvcConfiguration : spring.jpa.open-in-view is enabled by default. Therefore, database queries may be performed during view rendering. Explicitly configure spring.jpa.open-in-view to disable this warning
2021-11-12 23:38:58.974  INFO 16372 --- [main] t.esprit.spring.EmployeeServiceImplTest  : Started EmployeeServiceImplTest in 6.701 seconds (JVM running for 7.931)
2021-11-12 23:38:59.955  INFO 16372 --- [Thread-2] o.s.s.concurrent.ThreadPoolTaskExecutor  : Shutting down ExecutorService 'applicationTaskExecutor'
2021-11-12 23:38:59.959  INFO 16372 --- [Thread-2] j.LocalContainerEntityManagerFactoryBean : Closing JPA EntityManagerFactory for persistence unit 'default'
2021-11-12 23:38:59.963  INFO 16372 --- [Thread-2] com.zaxxer.hikari.HikariDataSource       : HikariPool-1 - Shutdown initiated...
2021-11-12 23:38:59.967  INFO 16372 --- [Thread-2] com.zaxxer.hikari.HikariDataSource       : HikariPool-1 - Shutdown completed.
